<?xml version="1.0" encoding="UTF-8"?>
<!-- Generated by org.testng.reporters.JUnitReportReporter -->
<testsuite skipped="0" hostname="SantoshSrinivas-15MBP-0401.local" name="com.test.ExceptionTimeoutTest" tests="1" failures="0" timestamp="2020-04-23T23:15:06 IST" time="0.001" errors="0">
  <testcase name="test2" time="0.001" classname="com.test.ExceptionTimeoutTest"/>
  <system-out/>
</testsuite> <!-- com.test.ExceptionTimeoutTest -->
