<?xml version="1.0" encoding="UTF-8"?>
<!-- Generated by org.testng.reporters.JUnitReportReporter -->
<testsuite skipped="0" hostname="SantoshSrinivas-15MBP-0401.local" name="PageTest" tests="1" failures="0" timestamp="2020-04-28T21:43:52 IST" time="9.680" errors="0">
  <testcase name="test1" time="9.680" classname="PageTest"/>
  <system-out/>
</testsuite> <!-- PageTest -->
